<?xml version="1.0" encoding="UTF-8" ?>
<testsuite tests="3" failures="0" name="runners.RunnerTest" time="64.006" errors="0" skipped="0">
  <properties>
[...]
</properties>
  <testcase classname="Test scenarios for landing page" name="create account with success" time="32.695"/>
  <testcase classname="Test scenarios for landing page" name="create account with invalid parameters" time="31.304"/>
  <testcase classname="Test scenarios for login page" name="should do login" time="0.007"/>
</testsuite>